Start testing: Oct 04 22:36 NZDT
----------------------------------------------------------
1/3 Testing: protocol_test
1/3 Test: protocol_test
Command: "/home/qincai/AirUSB/build/airusb-benchmark" "--test-protocol"
Directory: /home/qincai/AirUSB/build
"protocol_test" start time: Oct 04 22:36 NZDT
Output:
----------------------------------------------------------
Running protocol tests only...
<end of output>
Test time =   0.01 sec
----------------------------------------------------------
Test Passed.
"protocol_test" end time: Oct 04 22:36 NZDT
"protocol_test" time elapsed: 00:00:00
----------------------------------------------------------

2/3 Testing: bandwidth_test
2/3 Test: bandwidth_test
Command: "/home/qincai/AirUSB/build/airusb-benchmark" "--test-bandwidth"
Directory: /home/qincai/AirUSB/build
"bandwidth_test" start time: Oct 04 22:36 NZDT
Output:
----------------------------------------------------------
AirUSB Performance Benchmark Suite
===================================

[Protocol Serialization Test]
Payload size: 64 bytes
  Serialize: 1.46889 μs/op
  Deserialize: 0.20842 μs/op
Payload size: 512 bytes
  Serialize: 1.58699 μs/op
  Deserialize: 0.4121 μs/op
Payload size: 4096 bytes
  Serialize: 3.0779 μs/op
  Deserialize: 1.8976 μs/op
Payload size: 32768 bytes
  Serialize: 21.0496 μs/op
  Deserialize: 13.7004 μs/op
Payload size: 65536 bytes
  Serialize: 33.0669 μs/op
  Deserialize: 32.2648 μs/op
Max serialization throughput: 1890.11 MB/s
Max deserialization throughput: 1937.1 MB/s

[Compression Performance Test]

Testing: Random data (1048576 bytes)
  Compression ratio: 0.999689x
  Compress time: 32.722 ms (32.045 MB/s)
  Decompress time: 3.363 ms (311.798 MB/s)
  Data integrity: PASS

Testing: Repetitive data (1048576 bytes)
  Compression ratio: 502.914x
  Compress time: 6.723 ms (155.968 MB/s)
  Decompress time: 1.701 ms (616.447 MB/s)
  Data integrity: PASS

Testing: USB descriptor data (1048576 bytes)
  Compression ratio: 143.346x
  Compress time: 8.45 ms (124.092 MB/s)
  Decompress time: 2.243 ms (467.488 MB/s)
  Data integrity: PASS

[Network Throughput Test]
Note: This test requires actual network connections
Transfer size: 64 bytes
  Total time: 0.015 ms
  Effective throughput: 34.1333 Mbps
Transfer size: 512 bytes
  Total time: 0.005 ms
  Effective throughput: 819.2 Mbps
Transfer size: 1024 bytes
  Total time: 0.099 ms
  Effective throughput: 82.7475 Mbps
Transfer size: 65536 bytes
  Total time: 0.358 ms
  Effective throughput: 1464.49 Mbps
Transfer size: 1048576 bytes
  Total time: 3.928 ms
  Effective throughput: 2135.59 Mbps

[Latency Test]
Message processing latency (μs):
  Min: 1.056
  Avg: 1.19071
  P95: 1.24
  P99: 1.629
  Max: 15.759

Estimated total latency with WiFi 6E:
  Processing + Network: 1001.19 μs

[Concurrent Transfer Test]
Concurrent performance:
  Threads: 8
  Transfers per thread: 1000
  Total transfers: 8000
  Total data: 31.25 MB
  Total time: 25.985 ms
  Transfers/sec: 307870
  Throughput: 1202.62 MB/s

Benchmark completed!
These results show the performance characteristics of the AirUSB protocol
optimized for WiFi 6E networks.
<end of output>
Test time =  11.11 sec
----------------------------------------------------------
Test Passed.
"bandwidth_test" end time: Oct 04 22:37 NZDT
"bandwidth_test" time elapsed: 00:00:11
----------------------------------------------------------

3/3 Testing: latency_test
3/3 Test: latency_test
Command: "/home/qincai/AirUSB/build/airusb-benchmark" "--test-latency"
Directory: /home/qincai/AirUSB/build
"latency_test" start time: Oct 04 22:37 NZDT
Output:
----------------------------------------------------------
AirUSB Performance Benchmark Suite
===================================

[Protocol Serialization Test]
Payload size: 64 bytes
  Serialize: 1.56207 μs/op
  Deserialize: 0.22065 μs/op
Payload size: 512 bytes
  Serialize: 1.48301 μs/op
  Deserialize: 0.46142 μs/op
Payload size: 4096 bytes
  Serialize: 3.08829 μs/op
  Deserialize: 1.84665 μs/op
Payload size: 32768 bytes
  Serialize: 20.1112 μs/op
  Deserialize: 13.6156 μs/op
Payload size: 65536 bytes
  Serialize: 35.8595 μs/op
  Deserialize: 28.7067 μs/op
Max serialization throughput: 1742.91 MB/s
Max deserialization throughput: 2177.19 MB/s

[Compression Performance Test]

Testing: Random data (1048576 bytes)
  Compression ratio: 0.999689x
  Compress time: 31.249 ms (33.5555 MB/s)
  Decompress time: 3.391 ms (309.223 MB/s)
  Data integrity: PASS

Testing: Repetitive data (1048576 bytes)
  Compression ratio: 502.914x
  Compress time: 5.928 ms (176.885 MB/s)
  Decompress time: 1.909 ms (549.28 MB/s)
  Data integrity: PASS

Testing: USB descriptor data (1048576 bytes)
  Compression ratio: 143.346x
  Compress time: 8.077 ms (129.822 MB/s)
  Decompress time: 2.093 ms (500.992 MB/s)
  Data integrity: PASS

[Network Throughput Test]
Note: This test requires actual network connections
Transfer size: 64 bytes
  Total time: 0.011 ms
  Effective throughput: 46.5455 Mbps
Transfer size: 512 bytes
  Total time: 0.004 ms
  Effective throughput: 1024 Mbps
Transfer size: 1024 bytes
  Total time: 0.082 ms
  Effective throughput: 99.9024 Mbps
Transfer size: 65536 bytes
  Total time: 0.225 ms
  Effective throughput: 2330.17 Mbps
Transfer size: 1048576 bytes
  Total time: 2.95 ms
  Effective throughput: 2843.6 Mbps

[Latency Test]
Message processing latency (μs):
  Min: 1.092
  Avg: 1.18717
  P95: 1.204
  P99: 1.241
  Max: 22.834

Estimated total latency with WiFi 6E:
  Processing + Network: 1001.19 μs

[Concurrent Transfer Test]
Concurrent performance:
  Threads: 8
  Transfers per thread: 1000
  Total transfers: 8000
  Total data: 31.25 MB
  Total time: 13.85 ms
  Transfers/sec: 577617
  Throughput: 2256.32 MB/s

Benchmark completed!
These results show the performance characteristics of the AirUSB protocol
optimized for WiFi 6E networks.
<end of output>
Test time =  10.91 sec
----------------------------------------------------------
Test Passed.
"latency_test" end time: Oct 04 22:37 NZDT
"latency_test" time elapsed: 00:00:10
----------------------------------------------------------

End testing: Oct 04 22:37 NZDT
